[11:18:46][140647474106880[INFO][asynclogger][DataManager.hpp:50]	DataManager construct start
[11:18:46][140647474106880[INFO][asynclogger][Config.hpp:37]	ReadConfig start
[11:18:46][140647474106880[INFO][asynclogger][Config.hpp:30]	ReadConfig complicate
[11:18:46][140647474106880[INFO][asynclogger][DataManager.hpp:65]	init datamanager
[11:18:46][140647474106880[INFO][asynclogger][DataManager.hpp:133]	data_message Insert start
[11:18:46][140647474106880[INFO][asynclogger][DataManager.hpp:142]	data_message Insert end
[11:18:46][140647474106880[INFO][asynclogger][DataManager.hpp:133]	data_message Insert start
[11:18:46][140647474106880[INFO][asynclogger][DataManager.hpp:142]	data_message Insert end
[11:18:46][140647474106880[INFO][asynclogger][DataManager.hpp:133]	data_message Insert start
[11:18:46][140647474106880[INFO][asynclogger][DataManager.hpp:142]	data_message Insert end
[11:18:46][140647474106880[INFO][asynclogger][DataManager.hpp:133]	data_message Insert start
[11:18:46][140647474106880[INFO][asynclogger][DataManager.hpp:142]	data_message Insert end
[11:18:46][140647474106880[INFO][asynclogger][DataManager.hpp:56]	DataManager construct end
[11:18:46][140647392118336[DEBUG][asynclogger][Service.hpp:26]	Service start(Construct)
[11:18:46][140647392118336[DEBUG][asynclogger][Service.hpp:32]	Service end(Construct)
[11:18:46][140647392118336[INFO][asynclogger][Test.cpp:17]	service step in RunModule
[11:18:46][140647392118336[DEBUG][asynclogger][Service.hpp:64]	event_base_dispatch
[11:18:54][140647392118336[INFO][asynclogger][Service.hpp:88]	get req, uri: /
[11:18:54][140647392118336[INFO][asynclogger][Service.hpp:273]	ListShow()
[11:18:54][140647392118336[INFO][asynclogger][Service.hpp:300]	ListShow() finish
[11:18:54][140647392118336[INFO][asynclogger][Service.hpp:88]	get req, uri: /favicon.ico
[11:19:15][140647392118336[INFO][asynclogger][Service.hpp:88]	get req, uri: /download/伊地知虹夏.jpeg
[11:19:15][140647392118336[INFO][asynclogger][Service.hpp:321]	request resource_path:/download/伊地知虹夏.jpeg
[11:19:15][140647392118336[INFO][asynclogger][Service.hpp:327]	uncompressing:./deep_storage/伊地知虹夏.jpeg
[11:19:16][140647392118336[INFO][asynclogger][Service.hpp:335]	request download_path:./low_storage/伊地知虹夏.jpeg
[11:19:16][140647392118336[INFO][asynclogger][Service.hpp:393]	evhttp_send_reply: HTTP_OK
[11:23:56][140647392118336[INFO][asynclogger][Service.hpp:88]	get req, uri: /
[11:23:56][140647392118336[INFO][asynclogger][Service.hpp:273]	ListShow()
[11:23:56][140647392118336[INFO][asynclogger][Service.hpp:300]	ListShow() finish
[11:23:58][140647392118336[INFO][asynclogger][Service.hpp:88]	get req, uri: /
[11:23:58][140647392118336[INFO][asynclogger][Service.hpp:273]	ListShow()
[11:23:58][140647392118336[INFO][asynclogger][Service.hpp:300]	ListShow() finish
[11:24:00][140647392118336[INFO][asynclogger][Service.hpp:88]	get req, uri: /
[11:24:00][140647392118336[INFO][asynclogger][Service.hpp:273]	ListShow()
[11:24:00][140647392118336[INFO][asynclogger][Service.hpp:300]	ListShow() finish
[13:21:47][140647392118336[INFO][asynclogger][Service.hpp:88]	get req, uri: /
[13:21:47][140647392118336[INFO][asynclogger][Service.hpp:273]	ListShow()
[13:21:47][140647392118336[INFO][asynclogger][Service.hpp:300]	ListShow() finish
[13:22:12][140647392118336[INFO][asynclogger][Service.hpp:88]	get req, uri: /favicon.ico
[13:22:18][140647392118336[INFO][asynclogger][Service.hpp:88]	get req, uri: /
[13:22:18][140647392118336[INFO][asynclogger][Service.hpp:273]	ListShow()
[13:22:18][140647392118336[INFO][asynclogger][Service.hpp:300]	ListShow() finish
[13:46:12][140647392118336[INFO][asynclogger][Service.hpp:88]	get req, uri: /
[13:46:12][140647392118336[INFO][asynclogger][Service.hpp:273]	ListShow()
[13:46:12][140647392118336[INFO][asynclogger][Service.hpp:300]	ListShow() finish
[13:46:13][140647392118336[INFO][asynclogger][Service.hpp:88]	get req, uri: /
[13:46:13][140647392118336[INFO][asynclogger][Service.hpp:273]	ListShow()
[13:46:13][140647392118336[INFO][asynclogger][Service.hpp:300]	ListShow() finish
[13:46:13][140647392118336[INFO][asynclogger][Service.hpp:88]	get req, uri: /favicon.ico
[13:46:13][140647392118336[INFO][asynclogger][Service.hpp:88]	get req, uri: /robots.txt
