[10:38:02][140657952936448[INFO][asynclogger][DataManager.hpp:50]	DataManager construct start
[10:38:02][140657952936448[INFO][asynclogger][Config.hpp:37]	ReadConfig start
[10:38:02][140657952936448[INFO][asynclogger][Config.hpp:30]	ReadConfig complicate
[10:38:02][140657952936448[INFO][asynclogger][DataManager.hpp:65]	init datamanager
[10:38:02][140657952936448[INFO][asynclogger][DataManager.hpp:133]	data_message Insert start
[10:38:02][140657952936448[INFO][asynclogger][DataManager.hpp:142]	data_message Insert end
[10:38:02][140657952936448[INFO][asynclogger][DataManager.hpp:133]	data_message Insert start
[10:38:02][140657952936448[INFO][asynclogger][DataManager.hpp:142]	data_message Insert end
[10:38:02][140657952936448[INFO][asynclogger][DataManager.hpp:133]	data_message Insert start
[10:38:02][140657952936448[INFO][asynclogger][DataManager.hpp:142]	data_message Insert end
[10:38:02][140657952936448[INFO][asynclogger][DataManager.hpp:133]	data_message Insert start
[10:38:02][140657952936448[INFO][asynclogger][DataManager.hpp:142]	data_message Insert end
[10:38:02][140657952936448[INFO][asynclogger][DataManager.hpp:56]	DataManager construct end
[10:38:02][140657870947904[DEBUG][asynclogger][Service.hpp:26]	Service start(Construct)
[10:38:02][140657870947904[DEBUG][asynclogger][Service.hpp:32]	Service end(Construct)
[10:38:02][140657870947904[INFO][asynclogger][Test.cpp:17]	service step in RunModule
[10:38:02][140657870947904[DEBUG][asynclogger][Service.hpp:64]	event_base_dispatch
[10:38:10][140657870947904[INFO][asynclogger][Service.hpp:88]	get req, uri: /
[10:38:10][140657870947904[INFO][asynclogger][Service.hpp:273]	ListShow()
[10:38:10][140657870947904[INFO][asynclogger][Service.hpp:300]	ListShow() finish
[10:38:10][140657870947904[INFO][asynclogger][Service.hpp:88]	get req, uri: /favicon.ico
