[12:33:43][140202673074688[INFO][asynclogger][DataManager.hpp:50]	DataManager construct start
[12:33:43][140202673074688[INFO][asynclogger][Config.hpp:37]	ReadConfig start
[12:33:43][140202673074688[INFO][asynclogger][Config.hpp:30]	ReadConfig complicate
[12:33:43][140202673074688[INFO][asynclogger][DataManager.hpp:65]	init datamanager
[12:33:43][140202673074688[INFO][asynclogger][DataManager.hpp:133]	data_message Insert start
[12:33:43][140202673074688[INFO][asynclogger][DataManager.hpp:142]	data_message Insert end
[12:33:43][140202673074688[INFO][asynclogger][DataManager.hpp:133]	data_message Insert start
[12:33:43][140202673074688[INFO][asynclogger][DataManager.hpp:142]	data_message Insert end
[12:33:43][140202673074688[INFO][asynclogger][DataManager.hpp:133]	data_message Insert start
[12:33:43][140202673074688[INFO][asynclogger][DataManager.hpp:142]	data_message Insert end
[12:33:43][140202673074688[INFO][asynclogger][DataManager.hpp:133]	data_message Insert start
[12:33:43][140202673074688[INFO][asynclogger][DataManager.hpp:142]	data_message Insert end
[12:33:43][140202673074688[INFO][asynclogger][DataManager.hpp:56]	DataManager construct end
[12:33:43][140202591086144[DEBUG][asynclogger][Service.hpp:26]	Service start(Construct)
[12:33:43][140202591086144[DEBUG][asynclogger][Service.hpp:32]	Service end(Construct)
[12:33:43][140202591086144[INFO][asynclogger][Test.cpp:17]	service step in RunModule
[12:33:43][140202591086144[DEBUG][asynclogger][Service.hpp:64]	event_base_dispatch
[12:33:48][140202591086144[INFO][asynclogger][Service.hpp:88]	get req, uri: /
[12:33:48][140202591086144[INFO][asynclogger][Service.hpp:281]	ListShow()
[12:33:48][140202591086144[INFO][asynclogger][Service.hpp:308]	ListShow() finish
[12:33:48][140202591086144[INFO][asynclogger][Service.hpp:88]	get req, uri: /favicon.ico
[12:33:52][140202591086144[INFO][asynclogger][Service.hpp:88]	get req, uri: /delete
[12:33:52][140202591086144[INFO][asynclogger][Service.hpp:416]	Delete start
[12:33:52][140202591086144[INFO][asynclogger][Service.hpp:439]	Deleting file with URL: /download/伊地知虹夏.jpeg
[12:33:52][140202591086144[INFO][asynclogger][DataManager.hpp:200]	data_message Delete start, url: /download/伊地知虹夏.jpeg
[12:33:52][140202591086144[INFO][asynclogger][DataManager.hpp:96]	message storage start
[12:33:52][140202591086144[INFO][asynclogger][DataManager.hpp:118]	new message for StorageInfo:
[12:33:52][140202591086144[INFO][asynclogger][DataManager.hpp:127]	message storage end
[12:33:52][140202591086144[INFO][asynclogger][DataManager.hpp:230]	data_message Delete end, file: ./deep_storage/伊地知虹夏.jpeg
[12:33:52][140202591086144[INFO][asynclogger][Service.hpp:452]	Delete: Success
[12:33:53][140202591086144[INFO][asynclogger][Service.hpp:88]	get req, uri: /
[12:33:53][140202591086144[INFO][asynclogger][Service.hpp:281]	ListShow()
[12:33:53][140202591086144[INFO][asynclogger][Service.hpp:308]	ListShow() finish
[12:34:36][140202591086144[INFO][asynclogger][Service.hpp:88]	get req, uri: /upload
[12:34:36][140202591086144[INFO][asynclogger][Service.hpp:119]	Upload start
[12:34:36][140202591086144[INFO][asynclogger][Service.hpp:131]	evbuffer_get_length is 97449
[12:34:36][140202591086144[DEBUG][asynclogger][Service.hpp:177]	storage_path:./low_storage/证件照.JPG
[12:34:36][140202591086144[INFO][asynclogger][Service.hpp:192]	low_storage success
[12:34:36][140202591086144[INFO][asynclogger][DataManager.hpp:18]	NewStorageInfo start
[12:34:36][140202591086144[INFO][asynclogger][DataManager.hpp:33]	download_url:/download/证件照.JPG,mtime_:Mon Sep  1 12:34:36 2025
,atime_:Mon Sep  1 12:34:36 2025
,fsize_:97449
[12:34:36][140202591086144[INFO][asynclogger][DataManager.hpp:34]	NewStorageInfo end
[12:34:36][140202591086144[INFO][asynclogger][DataManager.hpp:133]	data_message Insert start
[12:34:36][140202591086144[INFO][asynclogger][DataManager.hpp:96]	message storage start
[12:34:36][140202591086144[INFO][asynclogger][DataManager.hpp:118]	new message for StorageInfo:
[12:34:36][140202591086144[INFO][asynclogger][DataManager.hpp:127]	message storage end
[12:34:36][140202591086144[INFO][asynclogger][DataManager.hpp:142]	data_message Insert end
[12:34:36][140202591086144[INFO][asynclogger][Service.hpp:215]	upload finish:success
[12:34:36][140202591086144[INFO][asynclogger][Service.hpp:88]	get req, uri: /
[12:34:36][140202591086144[INFO][asynclogger][Service.hpp:281]	ListShow()
[12:34:36][140202591086144[INFO][asynclogger][Service.hpp:308]	ListShow() finish
[12:34:52][140202591086144[INFO][asynclogger][Service.hpp:88]	get req, uri: /delete
[12:34:52][140202591086144[INFO][asynclogger][Service.hpp:416]	Delete start
[12:34:52][140202591086144[INFO][asynclogger][Service.hpp:439]	Deleting file with URL: /download/直播.jpg
[12:34:52][140202591086144[INFO][asynclogger][DataManager.hpp:200]	data_message Delete start, url: /download/直播.jpg
[12:34:52][140202591086144[INFO][asynclogger][DataManager.hpp:96]	message storage start
[12:34:52][140202591086144[INFO][asynclogger][DataManager.hpp:118]	new message for StorageInfo:
[12:34:52][140202591086144[INFO][asynclogger][DataManager.hpp:127]	message storage end
[12:34:52][140202591086144[INFO][asynclogger][DataManager.hpp:230]	data_message Delete end, file: ./low_storage/直播.jpg
[12:34:52][140202591086144[INFO][asynclogger][Service.hpp:452]	Delete: Success
[12:34:54][140202591086144[INFO][asynclogger][Service.hpp:88]	get req, uri: /
[12:34:54][140202591086144[INFO][asynclogger][Service.hpp:281]	ListShow()
[12:34:54][140202591086144[INFO][asynclogger][Service.hpp:308]	ListShow() finish
