[19:14:28][140393052484096[INFO][asynclogger][DataManager.hpp:50]	DataManager construct start
[19:14:28][140393052484096[INFO][asynclogger][Config.hpp:37]	ReadConfig start
[19:14:28][140393052484096[INFO][asynclogger][Config.hpp:30]	ReadConfig complicate
[19:14:28][140393052484096[INFO][asynclogger][DataManager.hpp:65]	init datamanager
[19:14:28][140393052484096[INFO][asynclogger][DataManager.hpp:68]	there is no storage file info need to load
[19:14:28][140393052484096[INFO][asynclogger][DataManager.hpp:56]	DataManager construct end
[19:14:28][140392970495552[DEBUG][asynclogger][Service.hpp:26]	Service start(Construct)
[19:14:28][140392970495552[DEBUG][asynclogger][Service.hpp:32]	Service end(Construct)
[19:14:28][140392970495552[INFO][asynclogger][Test.cpp:17]	service step in RunModule
[19:14:28][140392970495552[DEBUG][asynclogger][Service.hpp:64]	event_base_dispatch
[19:15:30][140392970495552[INFO][asynclogger][Service.hpp:88]	get req, uri: /
[19:15:30][140392970495552[INFO][asynclogger][Service.hpp:273]	ListShow()
[19:15:30][140392970495552[INFO][asynclogger][Service.hpp:300]	ListShow() finish
[19:15:30][140392970495552[INFO][asynclogger][Service.hpp:88]	get req, uri: /favicon.ico
[19:16:35][140392970495552[INFO][asynclogger][Service.hpp:88]	get req, uri: /upload
[19:16:35][140392970495552[INFO][asynclogger][Service.hpp:114]	Upload start
[19:16:35][140392970495552[INFO][asynclogger][Service.hpp:126]	evbuffer_get_length is 891378
[19:16:35][140392970495552[DEBUG][asynclogger][Service.hpp:172]	storage_path:./deep_storage/千早爱音.gif
[19:16:36][140392970495552[INFO][asynclogger][Service.hpp:200]	deep_storage success
[19:16:36][140392970495552[INFO][asynclogger][DataManager.hpp:18]	NewStorageInfo start
[19:16:36][140392970495552[INFO][asynclogger][DataManager.hpp:33]	download_url:/download/千早爱音.gif,mtime_:Tue Jul  8 19:16:36 2025
,atime_:Tue Jul  8 19:16:36 2025
,fsize_:889335
[19:16:36][140392970495552[INFO][asynclogger][DataManager.hpp:34]	NewStorageInfo end
[19:16:36][140392970495552[INFO][asynclogger][DataManager.hpp:133]	data_message Insert start
[19:16:36][140392970495552[INFO][asynclogger][DataManager.hpp:96]	message storage start
[19:16:36][140392970495552[INFO][asynclogger][DataManager.hpp:118]	new message for StorageInfo:
[19:16:36][140392970495552[INFO][asynclogger][DataManager.hpp:127]	message storage end
[19:16:36][140392970495552[INFO][asynclogger][DataManager.hpp:142]	data_message Insert end
[19:16:36][140392970495552[INFO][asynclogger][Service.hpp:210]	upload finish:success
[19:16:36][140392970495552[INFO][asynclogger][Service.hpp:88]	get req, uri: /
[19:16:36][140392970495552[INFO][asynclogger][Service.hpp:273]	ListShow()
[19:16:36][140392970495552[INFO][asynclogger][Service.hpp:300]	ListShow() finish
[19:23:02][140392970495552[INFO][asynclogger][Service.hpp:88]	get req, uri: /
[19:23:02][140392970495552[INFO][asynclogger][Service.hpp:273]	ListShow()
[19:23:02][140392970495552[INFO][asynclogger][Service.hpp:300]	ListShow() finish
[19:23:03][140392970495552[INFO][asynclogger][Service.hpp:88]	get req, uri: /
[19:23:03][140392970495552[INFO][asynclogger][Service.hpp:273]	ListShow()
[19:23:03][140392970495552[INFO][asynclogger][Service.hpp:300]	ListShow() finish
[19:23:17][140392970495552[INFO][asynclogger][Service.hpp:88]	get req, uri: /upload
[19:23:17][140392970495552[INFO][asynclogger][Service.hpp:114]	Upload start
[19:23:17][140392970495552[INFO][asynclogger][Service.hpp:126]	evbuffer_get_length is 0
[19:23:17][140392970495552[INFO][asynclogger][Service.hpp:130]	request body is empty
[19:51:22][140392970495552[INFO][asynclogger][Service.hpp:88]	get req, uri: /
[19:51:22][140392970495552[INFO][asynclogger][Service.hpp:273]	ListShow()
[19:51:22][140392970495552[INFO][asynclogger][Service.hpp:300]	ListShow() finish
[19:55:02][140392970495552[INFO][asynclogger][Service.hpp:88]	get req, uri: /
[19:55:02][140392970495552[INFO][asynclogger][Service.hpp:273]	ListShow()
[19:55:02][140392970495552[INFO][asynclogger][Service.hpp:300]	ListShow() finish
